20240312	12:10:57	de273517-d4e1-4368-828e-2cefd3a1024d	GET	/	undefined
20240312	12:10:57	e7d2b0e8-a1ca-4d8d-8145-ff34e7d2fd5e	GET	/favicon.ico	undefined
20240312	12:11:05	9641e3d5-27ab-477e-aa1c-356463dc8e19	GET	/blank	undefined
20240312	12:16:10	bc529f10-9e0c-47ca-9f9e-e663b3f97259	GET	/	undefined
20240312	13:10:58	f656d39f-6b27-4934-9595-7399d262f5b3	GET	/	undefined
20240312	16:08:50	79cee93c-9850-4d84-ba11-9ef39a56c99c	GET	/	undefined
20240313	21:13:25	6297d36d-977e-45c3-8cc1-e29f67f9b5f6	GET	/	undefined
20240313	21:14:00	b1501dea-39ca-4cb5-bc2a-e99c918ac924	GET	/users	undefined
20240313	21:15:30	d88e8629-b8c8-4e94-94b4-34b56a544e58	GET	/users	undefined
20240314	09:37:41	9057a28b-e0f2-4cea-9ed4-5c40a4d9458d	POST	/users	undefined
20240314	09:37:53	f5b0e8b5-b959-4958-95b9-990a578efb29	GET	/users	undefined
20240314	09:39:27	aa4304d7-c608-4e2a-ab0e-5e4cf3f4bdc7	POST	/users	undefined
20240314	09:39:40	4fad99d7-5a0b-429b-9187-7d8adae64a1e	POST	/users	undefined
20240314	09:40:07	6f8c7501-e7a8-423f-9107-74fed7d33337	POST	/users	undefined
20240314	09:40:24	6cb702be-b76b-4f11-973d-d9f80df4203c	POST	/users	undefined
20240314	09:40:30	8d30e481-9b87-4664-a5c6-5c096378082a	POST	/users	undefined
20240314	09:40:50	81ae8fe5-7122-49cd-bc81-008179e267d9	POST	/users	undefined
20240314	09:40:56	560a9920-b020-400f-9934-c0339f7c5832	GET	/users	undefined
20240314	09:41:22	a3db7c7a-fb5f-40cf-8784-98af2822216e	GET	/users	undefined
20240314	09:41:27	0e407505-c825-4efe-8e36-f4a3725c0333	POST	/users	undefined
20240314	09:41:31	e4125412-7a57-4494-8761-34b6066d1fdd	GET	/users	undefined
20240314	09:42:59	ccd4cbb3-056a-445b-8b09-9826488eefd7	GET	/users	undefined
20240314	09:43:32	59389855-c15b-4b1c-b2a5-27c25bf2f474	PATCH	/users	undefined
20240314	09:44:08	0783ec50-7e1f-406a-baa1-4b1612b3c15f	PATCH	/users	undefined
20240314	09:44:20	2132209c-6805-4cff-bd97-f0849bb9bf72	PATCH	/users	undefined
20240314	09:45:19	19770c57-6325-4384-9565-e3ae8eef6251	PATCH	/users	undefined
20240314	09:45:27	5c2ff46b-343c-4674-a80d-5d330a2f71b8	PATCH	/users	undefined
20240314	09:45:28	5509c880-d65d-4aa5-bb26-45f20daaea07	PATCH	/users	undefined
20240314	09:47:16	6572ca99-6820-4ae4-b3aa-587df492a041	PATCH	/users	undefined
20240314	09:48:04	234137a8-dc81-479c-9af2-c4db1e4df79e	PATCH	/users	undefined
20240314	09:48:22	ba0f8b02-432f-46b2-9ddb-85ae728421d1	GET	/users	undefined
20240314	09:48:39	c301c055-eac7-4d56-9099-7865daa44e30	PATCH	/users	undefined
20240314	09:48:54	26bee9f4-2478-425c-84fd-80876a39abf9	PATCH	/users	undefined
20240314	09:50:53	934a512f-83a6-48e4-82ef-67bf070dd85c	PATCH	/users	undefined
20240314	09:51:01	a8657bad-35c7-4820-86c1-c642ce5176c1	PATCH	/users	undefined
20240314	09:52:21	b4d6ad97-4f7b-41f1-9a39-ff5bf0a26f11	PATCH	/users	undefined
20240314	09:52:27	8042cdb4-09ef-4b46-98d5-81ccfcb09bea	PATCH	/users	undefined
20240314	09:52:29	c10df7c2-7921-4aa7-8f3e-e864ddba32bb	PATCH	/users	undefined
20240314	09:52:38	a68ba66d-7519-4416-b7ad-dec629f41e1a	GET	/users	undefined
20240314	09:52:44	2508af4d-584d-4a8a-99a8-5ec0fc9a510d	PATCH	/users	undefined
20240314	10:03:16	c05238dd-f4b4-4ed9-8d61-1bc0f6497bdf	PATCH	/users	undefined
20240314	10:05:31	ceaf9d82-3a98-4b61-aed6-aacfcdca63bc	PATCH	/users	undefined
20240314	10:15:31	79bbd992-db47-4d98-ac95-d456b4ddbb01	PATCH	/users	undefined
20240314	10:15:39	1bf5c594-27c8-4688-90c2-3364b31a4f39	PATCH	/users	undefined
20240314	10:15:46	a778c123-c945-4b3d-b1a8-d18beb144038	PATCH	/users	undefined
20240314	10:15:57	e2c48b02-e238-446f-a9c5-f9b98c47a548	PATCH	/users	undefined
20240314	10:16:08	adcbfabe-4306-4974-b8ed-d2d7a220b0f7	PATCH	/users	undefined
20240314	10:16:14	e3102643-63b5-42f6-87a8-cbebda0e7a9d	PATCH	/users	undefined
20240314	10:16:22	a86c0208-9816-4286-aad2-3749240fad20	GET	/users	undefined
20240314	10:16:58	18776cad-e83b-4688-babe-1c3bd5a41819	PATCH	/users	undefined
20240314	10:17:22	f4bc3329-0d8a-4878-ae9b-85e7b1e15528	DELETE	/users	undefined
20240314	10:17:38	27fab6ca-bfec-43fe-a3c2-c0f0a40dfaf6	DELETE	/users	undefined
20240314	10:17:39	1310bfaf-a8cf-4b05-af36-c94a0dbe6ae5	DELETE	/users	undefined
20240314	10:18:05	8309004e-830d-42b6-8e4d-68b715381941	DELETE	/users	undefined
20240314	10:18:10	7ac3471e-459a-483b-9428-419503b89cd1	DELETE	/users	undefined
20240314	10:18:13	bcf7ca7a-7bab-4ae2-b169-f2810031ed9e	DELETE	/users	undefined
20240314	10:18:20	6910bc86-036a-4ed2-842d-c7f1824e72e7	DELETE	/users	undefined
20240314	10:18:26	9fbd9dff-02cc-4a29-bda5-bdfa4aff6763	GET	/users	undefined
20240314	10:18:36	8dc4e740-87da-4833-b138-f9337f8a3d6b	POST	/users	undefined
20240314	10:18:44	0575ee99-239f-4cd4-be80-8310e706cbb6	POST	/users	undefined
20240314	10:19:04	b9f850fa-89ea-4940-9a95-e5dce93955d4	POST	/users	undefined
20240314	10:19:07	bc04321e-34e6-431c-95e3-e650b969c1f1	GET	/users	undefined
20240314	10:19:19	59e5307b-501b-4535-b8f5-1a7483d6bda6	PATCH	/users	undefined
20240314	10:19:24	7437fffb-082b-4de5-a4f2-626d45bfea42	GET	/users	undefined
20240314	10:19:37	ff10e4c2-a5a3-4858-9fee-afa9d66bc9b9	PATCH	/users	undefined
20240314	10:19:40	4731692a-4d09-4790-a6f1-a65bd3623982	PATCH	/users	undefined
20240314	10:20:18	62592c95-b905-4ae6-9331-3ac972c6e19f	PATCH	/users	undefined
20240314	10:43:40	ffb34c26-fbdd-40d1-b278-fd133daf6ba8	PATCH	/users	undefined
20240314	10:43:46	f607ac75-b204-4d0a-8fc6-13a0f6e8e4cc	PATCH	/users	undefined
20240314	10:43:47	e531dd78-1cde-4268-b1f7-41d1e0dbfddb	PATCH	/users	undefined
20240314	10:44:11	d16245fc-0328-4617-96c1-db6ef1e4b6ca	PATCH	/users	undefined
20240314	10:50:18	e03f4ec3-ec49-47be-82ac-37022a7228c1	PATCH	/users	undefined
20240314	10:50:21	f2061dc0-e952-498b-9f34-c242bbc91451	PATCH	/users	undefined
20240314	10:51:26	802dd064-0c01-4c57-a005-7da2c7ef29b3	PATCH	/users	undefined
20240314	10:51:27	8691e486-4d66-47d4-8c36-fee5e66ed6ff	PATCH	/users	undefined
20240314	10:51:48	2d3231c3-85a8-41c2-9cda-492898d42c3b	PATCH	/users	undefined
20240314	10:51:49	95f054a5-0d40-47d9-ada3-c3fd9b8fd3f9	PATCH	/users	undefined
20240314	10:51:54	30f324bd-cd38-4225-a8f8-220009b0873a	GET	/users	undefined
20240314	10:52:24	951eb471-5d09-4119-8598-38744ea7a962	GET	/users	undefined
20240314	10:52:29	7b93a071-4cc2-4af5-891a-423e7a25841c	PATCH	/users	undefined
20240314	10:52:31	fc21fcb0-0cfa-456c-be34-6dac11cf09be	PATCH	/users	undefined
20240314	10:52:45	7134fc1e-9651-4bfc-aeda-c1ef84f4ffe3	GET	/users	undefined
20240314	10:53:04	a6222fff-1fff-4d72-a64b-b5ba0e8574b4	PATCH	/users	undefined
20240314	10:53:35	cd70ef45-8ac6-4460-831d-9d121af5a4a9	GET	/users	undefined
20240314	10:53:46	c110f0aa-5515-4eee-bb12-2c4e56d51520	PATCH	/users	undefined
20240314	10:54:18	6f91e5e0-9346-4821-8e20-78150ac6e945	PATCH	/users	undefined
20240314	10:57:52	e4d9150a-08c0-498c-8301-f1655e9bca71	PATCH	/users	undefined
20240314	11:01:55	9d6c3d07-0f49-4f71-8d5a-1708cc5551a1	GET	/users	undefined
20240314	11:02:09	3b1628c5-7252-4360-8dac-dc8a12db2e2a	PATCH	/users	undefined
20240314	11:02:14	9a40ebd3-fbeb-4f54-8865-2857f42e6efa	PATCH	/users	undefined
20240314	11:02:23	db5d5e8f-e34f-4cb8-932d-1483fa44208c	PATCH	/users	undefined
20240314	11:02:28	bb89e98c-fe35-4bd2-8f42-f5509bc9a30f	GET	/users	undefined
20240314	11:02:40	6e9a2824-8fb8-44a9-8049-1157ef16cee9	GET	/users	undefined
20240314	11:02:46	9fb52db9-d7fb-436b-a286-c2035cbcf6bf	PATCH	/users	undefined
20240314	11:02:54	33691f6d-7e67-4b61-a3a4-b114c4f6e756	PATCH	/users	undefined
20240314	11:03:00	e7a9ac84-49af-43f4-9911-8e2d5c715bdd	PATCH	/users	undefined
20240314	11:03:15	74821369-a705-4801-a058-43d00955c4e9	PATCH	/users	undefined
20240314	11:03:42	b606c6a4-6d14-4bec-b527-808c4b0bd92d	POST	/users	undefined
20240314	11:03:59	df2fd239-4d05-4a03-b70c-e9d20f3fc93a	POST	/users	undefined
20240314	11:04:42	3990b271-cc76-456a-9f13-03a5668bc324	PATCH	/users	undefined
20240314	11:05:06	9822ded9-9c2a-4f23-997d-237350cb67cb	GET	/users	undefined
20240314	11:05:29	dee7c7d1-af59-43ca-bddf-0a73be5c0837	GET	/users	undefined
20240314	11:05:33	53b1b557-2daf-4bb9-b83d-7a2eb535baf1	PATCH	/users	undefined
20240314	11:05:54	32a8ec25-2a28-42f0-bd31-ef611d69d9c7	PATCH	/users	undefined
20240314	11:05:59	068da287-6a4f-4e69-b148-557c3adb597d	GET	/users	undefined
20240314	11:06:56	5c4591c1-337d-40b7-ac36-e15dddfbb1fc	PATCH	/users	undefined
20240314	11:07:00	a3ef25a9-4a3a-4122-bf76-2c9b77a36389	GET	/users	undefined
20240314	11:07:33	cabdf540-1201-4d92-9d9c-0812148f1479	GET	/users	undefined
20240314	11:07:37	b5f5d8a1-9ef7-4138-8035-dfbedbb6d632	PATCH	/users	undefined
20240314	11:07:41	8eab4bbc-f7b8-4902-a72f-b45a71e2d6c5	GET	/users	undefined
20240314	11:09:29	74cee5bb-e95b-41f5-bd06-73ff5d11074a	PATCH	/users	undefined
20240314	11:09:33	e501ca67-b0b7-46a2-9fa3-44b582027e52	GET	/users	undefined
20240314	11:10:36	4301c303-aecf-4b30-b926-b7924ba1d0a5	PATCH	/users	undefined
20240314	11:10:40	10fb7b8e-9886-4a51-8284-ce11f76c6022	GET	/users	undefined
20240314	11:13:02	4abf7cfe-1ccd-44d4-b2fa-19ce8b4d4f78	PATCH	/users	undefined
20240314	11:13:05	ab76f426-68ed-4386-846d-bf7649a37514	GET	/users	undefined
20240314	11:19:49	84fe7457-67ca-4753-88a7-65a672f45891	PATCH	/users	undefined
20240314	11:19:56	74f69c7e-d585-443b-9b45-335a37206a5f	GET	/users	undefined
20240314	11:20:03	7ce2c74c-ed2d-4af2-a7b4-296bffc2a564	PATCH	/users	undefined
20240314	11:20:24	0c740800-153f-4ea5-afb5-3fa4a1e9d9a5	PATCH	/users	undefined
20240314	11:20:27	09c595a7-3cd6-4933-b575-b04e8c4bc7a3	GET	/users	undefined
20240314	11:20:52	11681863-27f2-44c3-a879-d9953ba961ab	PATCH	/users	undefined
20240314	11:20:55	039e1d41-4b3c-4fb5-923c-06bc4b5f7868	GET	/users	undefined
20240314	11:24:21	02b27eff-2eb7-4b11-9732-fb1912f149d7	DELETE	/users	undefined
20240314	11:24:28	4b02e8df-f0bc-4846-be2e-63d0272ac0cc	GET	/users	undefined
20240314	11:24:35	091ba9ee-d770-4ce4-8094-cdcf83c6b24e	DELETE	/users	undefined
20240314	11:24:37	aa97ff1e-b4c9-4557-b8ee-a3fe41a98153	DELETE	/users	undefined
20240314	11:24:49	a9d46a7b-8f6c-4ed6-8cbd-bbe09367a333	DELETE	/users	undefined
20240314	11:24:55	30fa1a6b-7155-450a-ac6e-cae6fbab8601	DELETE	/users	undefined
20240314	11:25:01	45e522ba-37b7-4f9c-8f3f-60633357dc14	GET	/users	undefined
20240318	13:28:28	a8d012e6-d324-4fcf-becb-0baea95e7609	GET	/	undefined
20240318	13:29:21	48937c47-3d6f-43df-83fa-d5fc03ec9178	GET	/	undefined
20240318	13:29:21	7dc07bf7-6162-4519-8b5a-805405e714e5	GET	/favicon.ico	undefined
20240318	14:22:56	5148af51-f9f5-404a-ba08-35bb410cc106	GET	/users	undefined
20240318	14:24:12	74a7cd0b-b79a-40ae-ba97-e5b5480d6494	POST	/users	undefined
20240318	14:24:27	81f00be2-02e4-4b8d-b988-dd3d15a38baf	POST	/users	undefined
20240318	14:24:33	c2d1ef6e-4554-4396-9c43-8decb953cc69	POST	/users	undefined
20240318	14:24:38	0d0dee13-234a-46f5-ab08-620937efb825	GET	/users	undefined
20240422	16:31:14	c8900407-50a7-43a5-94d0-12124a3e7dd7	GET	/users	undefined
20240422	16:32:49	00e2e9af-314a-4b6b-9c29-bdc176c8ee68	POST	/users	undefined
20240422	16:32:53	80dbcefa-9daa-4ea3-8689-8cf0c7dd22d1	GET	/users	undefined
